/usr/local/google/home/jwortz/miniconda3/lib/python3.12/site-packages/PIL/Image.py:3406: DecompressionBombWarning: Image size (93185430 pixels) exceeds limit of 89478485 pixels, could be decompression bomb DOS attack.
  warnings.warn(
/usr/local/google/home/jwortz/miniconda3/lib/python3.12/site-packages/PIL/Image.py:3406: DecompressionBombWarning: Image size (93185430 pixels) exceeds limit of 89478485 pixels, could be decompression bomb DOS attack.
  warnings.warn(
--- Epoch 1/10 ---
Processing 100213273MN SS PERFORMANCE TEE...
  Scores: Base=1, Arrow=5, Text=5
Processing 100199933MN TEXTURED ZIP POLO...
  Scores: Base=10, Arrow=3, Text=8
Processing 100175531MN SS MERCERIZED POLO...
  Scores: Base=10, Arrow=2, Text=5
Processing 100224841MN SS ZIP POLO SKETCH GIZA...
  Scores: Base=10, Arrow=5, Text=10
Epoch Average Scores: {'base': 7.75, 'arrow': 3.75, 'text': 7.0}
  --- Validation ---
  Validating 100229320MN SS ATHLUXE POLO...
  Validating 100207491MN WEEKEND JACKET...
  Validation Average Scores: {'base': 10.0, 'arrow': 3.5, 'text': 7.0}
Optimizing prompt...
New Prompt Generated.
--- Epoch 2/10 ---
Processing 100213273MN SS PERFORMANCE TEE...
  Scores: Base=10, Arrow=5, Text=10
Processing 100199933MN TEXTURED ZIP POLO...
  Scores: Base=10, Arrow=2, Text=10
Processing 100175531MN SS MERCERIZED POLO...
  Scores: Base=10, Arrow=2, Text=5
Processing 100224841MN SS ZIP POLO SKETCH GIZA...
  Scores: Base=10, Arrow=4, Text=10
Epoch Average Scores: {'base': 10.0, 'arrow': 3.25, 'text': 8.75}
  --- Validation ---
  Validating 100229320MN SS ATHLUXE POLO...
  Validating 100207491MN WEEKEND JACKET...
  Validation Average Scores: {'base': 5.5, 'arrow': 3.0, 'text': 7.5}
Optimizing prompt...
New Prompt Generated.
--- Epoch 3/10 ---
Processing 100213273MN SS PERFORMANCE TEE...
  Scores: Base=10, Arrow=8, Text=10
Processing 100199933MN TEXTURED ZIP POLO...
No image found in response.
  Generation failed.
Processing 100175531MN SS MERCERIZED POLO...
  Scores: Base=10, Arrow=6, Text=10
Processing 100224841MN SS ZIP POLO SKETCH GIZA...
  Scores: Base=8, Arrow=5, Text=10
Epoch Average Scores: {'base': 7.0, 'arrow': 4.75, 'text': 7.5}
  --- Validation ---
  Validating 100229320MN SS ATHLUXE POLO...
  Validating 100207491MN WEEKEND JACKET...
  Validation Average Scores: {'base': 10.0, 'arrow': 3.5, 'text': 5.5}
Optimizing prompt...
New Prompt Generated.
--- Epoch 4/10 ---
Processing 100213273MN SS PERFORMANCE TEE...
  Scores: Base=10, Arrow=5, Text=10
Processing 100199933MN TEXTURED ZIP POLO...
  Scores: Base=1, Arrow=1, Text=10
Processing 100175531MN SS MERCERIZED POLO...
  Scores: Base=9, Arrow=5, Text=9
Processing 100224841MN SS ZIP POLO SKETCH GIZA...
  Scores: Base=8, Arrow=2, Text=8
Epoch Average Scores: {'base': 7.0, 'arrow': 3.25, 'text': 9.25}
  --- Validation ---
  Validating 100229320MN SS ATHLUXE POLO...
  Validating 100207491MN WEEKEND JACKET...
  Validation Average Scores: {'base': 1.0, 'arrow': 2.0, 'text': 5.0}
Optimizing prompt...
New Prompt Generated.
--- Epoch 5/10 ---
Processing 100213273MN SS PERFORMANCE TEE...
  Scores: Base=1, Arrow=4, Text=10
Processing 100199933MN TEXTURED ZIP POLO...
  Scores: Base=7, Arrow=2, Text=5
Processing 100175531MN SS MERCERIZED POLO...
  Scores: Base=10, Arrow=5, Text=8
Processing 100224841MN SS ZIP POLO SKETCH GIZA...
  Scores: Base=10, Arrow=1, Text=10
Epoch Average Scores: {'base': 7.0, 'arrow': 3.0, 'text': 8.25}
  --- Validation ---
  Validating 100229320MN SS ATHLUXE POLO...
  Validating 100207491MN WEEKEND JACKET...
  Validation Average Scores: {'base': 10.0, 'arrow': 5.0, 'text': 5.0}
Optimizing prompt...
New Prompt Generated.
--- Epoch 6/10 ---
Processing 100213273MN SS PERFORMANCE TEE...
  Scores: Base=8, Arrow=10, Text=10
Processing 100199933MN TEXTURED ZIP POLO...
  Scores: Base=10, Arrow=4, Text=10
Processing 100175531MN SS MERCERIZED POLO...
  Scores: Base=10, Arrow=5, Text=10
Processing 100224841MN SS ZIP POLO SKETCH GIZA...
  Scores: Base=3, Arrow=2, Text=4
Epoch Average Scores: {'base': 7.75, 'arrow': 5.25, 'text': 8.5}
  --- Validation ---
  Validating 100229320MN SS ATHLUXE POLO...
  Validating 100207491MN WEEKEND JACKET...
  Validation Average Scores: {'base': 10.0, 'arrow': 5.0, 'text': 5.0}
Optimizing prompt...
New Prompt Generated.
--- Epoch 7/10 ---
Processing 100213273MN SS PERFORMANCE TEE...
  Scores: Base=10, Arrow=6, Text=6
Processing 100199933MN TEXTURED ZIP POLO...
  Scores: Base=10, Arrow=1, Text=10
Processing 100175531MN SS MERCERIZED POLO...
  Scores: Base=10, Arrow=4, Text=10
Processing 100224841MN SS ZIP POLO SKETCH GIZA...
  Scores: Base=10, Arrow=5, Text=10
Epoch Average Scores: {'base': 10.0, 'arrow': 4.0, 'text': 9.0}
  --- Validation ---
  Validating 100229320MN SS ATHLUXE POLO...
  Validating 100207491MN WEEKEND JACKET...
  Validation Average Scores: {'base': 10.0, 'arrow': 6.5, 'text': 7.0}
Optimizing prompt...
New Prompt Generated.
--- Epoch 8/10 ---
Processing 100213273MN SS PERFORMANCE TEE...
  Scores: Base=10, Arrow=4, Text=10
Processing 100199933MN TEXTURED ZIP POLO...
  Scores: Base=1, Arrow=4, Text=8
Processing 100175531MN SS MERCERIZED POLO...
  Scores: Base=8, Arrow=5, Text=10
Processing 100224841MN SS ZIP POLO SKETCH GIZA...
  Scores: Base=2, Arrow=3, Text=10
Epoch Average Scores: {'base': 5.25, 'arrow': 4.0, 'text': 9.5}
  --- Validation ---
  Validating 100229320MN SS ATHLUXE POLO...
  Validating 100207491MN WEEKEND JACKET...
  Validation Average Scores: {'base': 8.5, 'arrow': 4.5, 'text': 4.5}
Optimizing prompt...
New Prompt Generated.
--- Epoch 9/10 ---
Processing 100213273MN SS PERFORMANCE TEE...
  Scores: Base=10, Arrow=5, Text=10
Processing 100199933MN TEXTURED ZIP POLO...
  Scores: Base=10, Arrow=2, Text=10
Processing 100175531MN SS MERCERIZED POLO...
  Scores: Base=10, Arrow=6, Text=10
Processing 100224841MN SS ZIP POLO SKETCH GIZA...
  Scores: Base=1, Arrow=3, Text=10
Epoch Average Scores: {'base': 7.75, 'arrow': 4.0, 'text': 10.0}
  --- Validation ---
  Validating 100229320MN SS ATHLUXE POLO...
  Validating 100207491MN WEEKEND JACKET...
  Validation Average Scores: {'base': 5.5, 'arrow': 6.5, 'text': 4.5}
Optimizing prompt...
New Prompt Generated.
--- Epoch 10/10 ---
Processing 100213273MN SS PERFORMANCE TEE...
  Scores: Base=10, Arrow=5, Text=5
Processing 100199933MN TEXTURED ZIP POLO...
  Scores: Base=10, Arrow=2, Text=10
Processing 100175531MN SS MERCERIZED POLO...
  Scores: Base=10, Arrow=4, Text=6
Processing 100224841MN SS ZIP POLO SKETCH GIZA...
  Scores: Base=10, Arrow=2, Text=10
Epoch Average Scores: {'base': 10.0, 'arrow': 3.25, 'text': 7.75}
  --- Validation ---
  Validating 100229320MN SS ATHLUXE POLO...
  Validating 100207491MN WEEKEND JACKET...
  Validation Average Scores: {'base': 10.0, 'arrow': 4.5, 'text': 5.0}
Optimization Complete. Trace saved to trace.json
